<x509CertificateList>
    <x509Certificate id="1" keyFile="keys/test.pem" outputFile="out.cert" attachToCertificateList="true">
        <tbsCertificate>
            <version>
                <asn1IntegerValue>0</asn1IntegerValue>
            </version>
            <certificateSerialNumber>
                <asn1IntegerValue>123</asn1IntegerValue>
            </certificateSerialNumber>
            <algorithmIdentifier>
                <x509Asn1ObjectIdentifier>
                    <asn1ObjectIdentifierValue>1.2.840.113549.1.1.1</asn1ObjectIdentifierValue>
                </x509Asn1ObjectIdentifier>
            </algorithmIdentifier>
            <rdnSequence>
                <relativeDistinguishedName>
                    <attributeTypeAndValue>
                        <x509Asn1ObjectIdentifier><!-- attribute type -->
                            <asn1ObjectIdentifierValue>1.2.840.113549.1.1.1</asn1ObjectIdentifierValue>
                        </x509Asn1ObjectIdentifier>
                        <x509Asn1PrintableString><!-- any defined by attribute type -->
                            <asn1PrintableStringItem>hi</asn1PrintableStringItem>
                        </x509Asn1PrintableString>
                    </attributeTypeAndValue>
                </relativeDistinguishedName>
            </rdnSequence>
            <validity>
                <x509Asn1UtcTime excludeFromSignature="true">
                    <asn1UtcTimeItem>
                        <asn1UtcTimeValue>000101000000Z</asn1UtcTimeValue>
                    </asn1UtcTimeItem>
                </x509Asn1UtcTime>
                <x509Asn1UtcTime excludeFromCertificate="true">
                    <asn1UtcTimeItem>
                        <asn1UtcTimeValue>300101000000Z</asn1UtcTimeValue>
                    </asn1UtcTimeItem>
                </x509Asn1UtcTime>
            </validity>
            <rdnSequence>
                <relativeDistinguishedName>
                    <attributeTypeAndValue>
                        <x509Asn1ObjectIdentifier><!-- attribute type -->
                            <asn1ObjectIdentifierValue>1.2.840.113549.1.1.1</asn1ObjectIdentifierValue>
                        </x509Asn1ObjectIdentifier>
                        <x509Asn1PrintableString><!-- any defined by attribute type -->
                            <asn1PrintableStringItem>hi</asn1PrintableStringItem>
                        </x509Asn1PrintableString>
                    </attributeTypeAndValue>
                </relativeDistinguishedName>
            </rdnSequence>
            <subjectPublicKeyInfo>
                <algorithmIdentifier>
                    <x509Asn1ObjectIdentifier>
                        <asn1ObjectIdentifierValue>1.2.840.113549.1.1.1</asn1ObjectIdentifierValue>
                    </x509Asn1ObjectIdentifier>
                    <!-- params -->
                </algorithmIdentifier>
                <x509Asn1BitString preferConstructedEncoding="true">
                    <asn1BitStringItem>
                        <asn1NumberOfUnusedBits>2</asn1NumberOfUnusedBits>
                        <asn1BitStringValue>01020304ff</asn1BitStringValue>
                    </asn1BitStringItem>
                </x509Asn1BitString>
            </subjectPublicKeyInfo>
        </tbsCertificate>
        <signature fromId="cert1RealSignatureInfo">
            <!-- todo -->
        </signature>
        <realSignatureInfo id="cert1RealSignatureInfo">
            <algorithmIdentifier>
                <x509Asn1ObjectIdentifier>
                    <asn1ObjectIdentifierValue>1.2.840.113549.1.1.5</asn1ObjectIdentifierValue>
                </x509Asn1ObjectIdentifier>
                <!-- params -->
            </algorithmIdentifier>
            <keyInfo fromId="1"/>
        </realSignatureInfo>
    </x509Certificate>
</x509CertificateList>
